**********************
PowerShell transcript start
Start time: 20251113000953
Username: USAUSLT-Z7DLW6G\svelderr
RunAs User: USAUSLT-Z7DLW6G\svelderr
Configuration Name: 
Machine: USAUSLT-Z7DLW6G (Unix 6.6.87.2)
Host Application: /home/svelderr/.local/microsoft/powershell/7.4.5/pwsh.dll -NoLogo -NoProfile -File local-ci/windows/Invoke-LocalCI.ps1
Process ID: 32014
PSVersion: 7.4.5
PSEdition: Core
GitCommitId: 7.4.5
OS: Ubuntu 24.04.3 LTS
Platform: Unix
PSCompatibleVersions: 1.0, 2.0, 3.0, 4.0, 5.0, 5.1, 6.0, 7.0
PSRemotingProtocolVersion: 2.3
SerializationVersion: 1.1.0.1
WSManStackVersion: 3.0
**********************
Sign root : /mnt/wsl/docker-desktop-bind-mounts/Ubuntu/4747620b44d44a7f247228606020571f5e9e04fa4252bedcba021b2d9fc50718/out
Run root  : /mnt/wsl/docker-desktop-bind-mounts/Ubuntu/4747620b44d44a7f247228606020571f5e9e04fa4252bedcba021b2d9fc50718/out/local-ci/20251113-000952
Wrote git status to /mnt/wsl/docker-desktop-bind-mounts/Ubuntu/4747620b44d44a7f247228606020571f5e9e04fa4252bedcba021b2d9fc50718/out/local-ci/20251113-000952/git-status.txt
LOCALCI_IMPORT_UBUNTU_RUN not set; skipping Ubuntu import handshake.
[10-Prep] Verifying environment profile 'labview-2021-x64'
[EnvParity] Validating profile 'LabVIEW 2021 (64-bit)'
Test-EnvironmentParity.ps1: The property 'Optional' cannot be found on this object. Verify that the property exists.
Test-EnvironmentParity.ps1: The property 'Optional' cannot be found on this object. Verify that the property exists.
**********************
PowerShell transcript end
End time: 20251113001048
**********************
