**********************
PowerShell transcript start
Start time: 20251112143617
Username: NI\svelderr
RunAs User: NI\svelderr
Configuration Name: 
Machine: USAUSLT-Z7DLW6G (Microsoft Windows NT 10.0.22631.0)
Host Application: C:\Program Files\PowerShell\7\pwsh.dll -NoLogo -NoProfile -File scripts/Test-Signing.ps1 -SignRoot out -MaxFiles 10 -TimeoutSeconds 5 -SkipToolTests
Process ID: 21728
PSVersion: 7.5.3
PSEdition: Core
GitCommitId: 7.5.3
OS: Microsoft Windows 10.0.22631
Platform: Win32NT
PSCompatibleVersions: 1.0, 2.0, 3.0, 4.0, 5.0, 5.1, 6.0, 7.0
PSRemotingProtocolVersion: 2.3
SerializationVersion: 1.1.0.1
WSManStackVersion: 3.0
**********************

== Running mode: fork-local ==


== Running mode: trusted-local ==

Skipping harness Pester suite (-SkipToolTests set).
**********************
PowerShell transcript end
End time: 20251112143620
**********************
